<?xml version="1.0" encoding="UTF-8"?>
<testsuite xmlns:xsi="http://www.w3.org/2001/XMLSchema-instance" xsi:noNamespaceSchemaLocation="https://maven.apache.org/surefire/maven-surefire-plugin/xsd/surefire-test-report-3.0.xsd" version="3.0" name="com.messagingservice.backendservice.DemoApplicationTests" time="26.2" tests="1" errors="0" skipped="0" failures="0">
  <properties>
[...]
</properties>
  <testcase name="contextLoads" classname="com.messagingservice.backendservice.DemoApplicationTests" time="0.476">
    <system-out><![CDATA[21:45:27.833 [main] INFO org.springframework.test.context.support.AnnotationConfigContextLoaderUtils -- Could not detect default configuration classes for test class [com.messagingservice.backendservice.DemoApplicationTests]: DemoApplicationTests does not declare any static, non-private, non-final, nested classes annotated with @Configuration.
21:45:28.808 [main] INFO org.springframework.boot.test.context.SpringBootTestContextBootstrapper -- Found @SpringBootConfiguration com.messagingservice.backendservice.MessagingServiceApplication for test class com.messagingservice.backendservice.DemoApplicationTests

  .   ____          _            __ _ _
 /\\ / ___'_ __ _ _(_)_ __  __ _ \ \ \ \
( ( )\___ | '_ | '_| | '_ \/ _` | \ \ \ \
 \\/  ___)| |_)| | | | | || (_| |  ) ) ) )
  '  |____| .__|_| |_|_| |_\__, | / / / /
 =========|_|==============|___/=/_/_/_/
 :: Spring Boot ::                (v3.1.0)

{"@timestamp":"2024-12-03T21:45:33.5748489-05:00","@version":"1","message":"\r\n\r\nFound multiple occurrences of org.json.JSONObject on the class path:\r\n\r\n\tjar:file:/C:/Users/S%20Sai%20Manideep/.m2/repository/com/vaadin/external/google/android-json/0.0.20131108.vaadin1/android-json-0.0.20131108.vaadin1.jar!/org/json/JSONObject.class\r\n\tjar:file:/C:/Users/S%20Sai%20Manideep/.m2/repository/org/json/json/20230227/json-20230227.jar!/org/json/JSONObject.class\r\n\r\nYou may wish to exclude one of them to ensure predictable runtime behavior\r\n","logger_name":"org.springframework.boot.test.json.DuplicateJsonObjectContextCustomizerFactory$DuplicateJsonObjectContextCustomizer","thread_name":"main","level":"WARN","level_value":30000,"service":"backend-service"}
{"@timestamp":"2024-12-03T21:45:33.6549817-05:00","@version":"1","message":"Starting DemoApplicationTests using Java 17.0.12 with PID 7344 (started by S Sai Manideep in D:\\CloudWatch\\Producer-ConsumerBackend\\Producer-ConsumerBackend\\backend-service)","logger_name":"com.messagingservice.backendservice.DemoApplicationTests","thread_name":"main","level":"INFO","level_value":20000,"service":"backend-service"}
{"@timestamp":"2024-12-03T21:45:33.6579808-05:00","@version":"1","message":"No active profile set, falling back to 1 default profile: \"default\"","logger_name":"com.messagingservice.backendservice.DemoApplicationTests","thread_name":"main","level":"INFO","level_value":20000,"service":"backend-service"}
{"@timestamp":"2024-12-03T21:45:37.5580786-05:00","@version":"1","message":"Bootstrapping Spring Data JPA repositories in DEFAULT mode.","logger_name":"org.springframework.data.repository.config.RepositoryConfigurationDelegate","thread_name":"main","level":"INFO","level_value":20000,"service":"backend-service"}
{"@timestamp":"2024-12-03T21:45:37.9424285-05:00","@version":"1","message":"Finished Spring Data repository scanning in 368 ms. Found 11 JPA repository interfaces.","logger_name":"org.springframework.data.repository.config.RepositoryConfigurationDelegate","thread_name":"main","level":"INFO","level_value":20000,"service":"backend-service"}
{"@timestamp":"2024-12-03T21:45:38.8734564-05:00","@version":"1","message":"BeanFactory id=878c6996-e811-3b5c-af69-7548a09b9f90","logger_name":"org.springframework.cloud.context.scope.GenericScope","thread_name":"main","level":"INFO","level_value":20000,"service":"backend-service"}
{"@timestamp":"2024-12-03T21:45:40.1200457-05:00","@version":"1","message":"Bean 'org.springframework.cloud.client.loadbalancer.reactive.LoadBalancerBeanPostProcessorAutoConfiguration' of type [org.springframework.cloud.client.loadbalancer.reactive.LoadBalancerBeanPostProcessorAutoConfiguration] is not eligible for getting processed by all BeanPostProcessors (for example: not eligible for auto-proxying)","logger_name":"org.springframework.context.support.PostProcessorRegistrationDelegate$BeanPostProcessorChecker","thread_name":"main","level":"INFO","level_value":20000,"service":"backend-service"}
{"@timestamp":"2024-12-03T21:45:40.1280476-05:00","@version":"1","message":"Bean 'org.springframework.cloud.client.loadbalancer.reactive.LoadBalancerBeanPostProcessorAutoConfiguration$ReactorDeferringLoadBalancerFilterConfig' of type [org.springframework.cloud.client.loadbalancer.reactive.LoadBalancerBeanPostProcessorAutoConfiguration$ReactorDeferringLoadBalancerFilterConfig] is not eligible for getting processed by all BeanPostProcessors (for example: not eligible for auto-proxying)","logger_name":"org.springframework.context.support.PostProcessorRegistrationDelegate$BeanPostProcessorChecker","thread_name":"main","level":"INFO","level_value":20000,"service":"backend-service"}
{"@timestamp":"2024-12-03T21:45:40.1354786-05:00","@version":"1","message":"Bean 'reactorDeferringLoadBalancerExchangeFilterFunction' of type [org.springframework.cloud.client.loadbalancer.reactive.DeferringLoadBalancerExchangeFilterFunction] is not eligible for getting processed by all BeanPostProcessors (for example: not eligible for auto-proxying)","logger_name":"org.springframework.context.support.PostProcessorRegistrationDelegate$BeanPostProcessorChecker","thread_name":"main","level":"INFO","level_value":20000,"service":"backend-service"}
{"@timestamp":"2024-12-03T21:45:40.6434336-05:00","@version":"1","message":"HHH000204: Processing PersistenceUnitInfo [name: default]","logger_name":"org.hibernate.jpa.internal.util.LogHelper","thread_name":"main","level":"INFO","level_value":20000,"service":"backend-service"}
{"@timestamp":"2024-12-03T21:45:40.7846529-05:00","@version":"1","message":"HHH000412: Hibernate ORM core version 6.2.2.Final","logger_name":"org.hibernate.Version","thread_name":"main","level":"INFO","level_value":20000,"service":"backend-service"}
{"@timestamp":"2024-12-03T21:45:40.7889609-05:00","@version":"1","message":"HHH000406: Using bytecode reflection optimizer","logger_name":"org.hibernate.cfg.Environment","thread_name":"main","level":"INFO","level_value":20000,"service":"backend-service"}
{"@timestamp":"2024-12-03T21:45:41.2086597-05:00","@version":"1","message":"HHH000021: Bytecode provider name : bytebuddy","logger_name":"org.hibernate.bytecode.internal.BytecodeProviderInitiator","thread_name":"main","level":"INFO","level_value":20000,"service":"backend-service"}
{"@timestamp":"2024-12-03T21:45:41.4734227-05:00","@version":"1","message":"No LoadTimeWeaver setup: ignoring JPA class transformer","logger_name":"org.springframework.orm.jpa.persistenceunit.SpringPersistenceUnitInfo","thread_name":"main","level":"INFO","level_value":20000,"service":"backend-service"}
{"@timestamp":"2024-12-03T21:45:41.5165643-05:00","@version":"1","message":"HikariPool-1 - Starting...","logger_name":"com.zaxxer.hikari.HikariDataSource","thread_name":"main","level":"INFO","level_value":20000,"service":"backend-service"}
{"@timestamp":"2024-12-03T21:45:42.7422106-05:00","@version":"1","message":"HikariPool-1 - Added connection com.mysql.cj.jdbc.ConnectionImpl@c931728","logger_name":"com.zaxxer.hikari.pool.HikariPool","thread_name":"main","level":"INFO","level_value":20000,"service":"backend-service"}
{"@timestamp":"2024-12-03T21:45:42.7461983-05:00","@version":"1","message":"HikariPool-1 - Start completed.","logger_name":"com.zaxxer.hikari.HikariDataSource","thread_name":"main","level":"INFO","level_value":20000,"service":"backend-service"}
{"@timestamp":"2024-12-03T21:45:42.9253196-05:00","@version":"1","message":"HHH035001: Using dialect: org.hibernate.dialect.MySQLDialect, version: 8.0.39","logger_name":"org.hibernate.orm.dialect","thread_name":"main","level":"INFO","level_value":20000,"service":"backend-service"}
{"@timestamp":"2024-12-03T21:45:43.4066487-05:00","@version":"1","message":"HHH000021: Bytecode provider name : bytebuddy","logger_name":"org.hibernate.bytecode.internal.BytecodeProviderInitiator","thread_name":"main","level":"INFO","level_value":20000,"service":"backend-service"}
{"@timestamp":"2024-12-03T21:45:44.9672531-05:00","@version":"1","message":"HHH000490: Using JtaPlatform implementation: [org.hibernate.engine.transaction.jta.platform.internal.NoJtaPlatform]","logger_name":"org.hibernate.engine.transaction.jta.platform.internal.JtaPlatformInitiator","thread_name":"main","level":"INFO","level_value":20000,"service":"backend-service"}
{"@timestamp":"2024-12-03T21:45:46.5840255-05:00","@version":"1","message":"Initialized JPA EntityManagerFactory for persistence unit 'default'","logger_name":"org.springframework.orm.jpa.LocalContainerEntityManagerFactoryBean","thread_name":"main","level":"INFO","level_value":20000,"service":"backend-service"}
{"@timestamp":"2024-12-03T21:45:47.7896902-05:00","@version":"1","message":"Hibernate is in classpath; If applicable, HQL parser will be used.","logger_name":"org.springframework.data.jpa.repository.query.QueryEnhancerFactory","thread_name":"main","level":"INFO","level_value":20000,"service":"backend-service"}
{"@timestamp":"2024-12-03T21:45:49.7901227-05:00","@version":"1","message":"spring.jpa.open-in-view is enabled by default. Therefore, database queries may be performed during view rendering. Explicitly configure spring.jpa.open-in-view to disable this warning","logger_name":"org.springframework.boot.autoconfigure.orm.jpa.JpaBaseConfiguration$JpaWebConfiguration","thread_name":"main","level":"WARN","level_value":30000,"service":"backend-service"}
{"@timestamp":"2024-12-03T21:45:50.4327472-05:00","@version":"1","message":"Cannot find template location: classpath:/templates/ (please add some templates, check your Thymeleaf configuration, or set spring.thymeleaf.check-template-location=false)","logger_name":"org.springframework.boot.autoconfigure.thymeleaf.ThymeleafAutoConfiguration$DefaultTemplateResolverConfiguration","thread_name":"main","level":"WARN","level_value":30000,"service":"backend-service"}
{"@timestamp":"2024-12-03T21:45:52.6246072-05:00","@version":"1","message":"Spring Cloud LoadBalancer is currently working with the default cache. While this cache implementation is useful for development and tests, it's recommended to use Caffeine cache in production.You can switch to using Caffeine cache, by adding it and org.springframework.cache.caffeine.CaffeineCacheManager to the classpath.","logger_name":"org.springframework.cloud.loadbalancer.config.LoadBalancerCacheAutoConfiguration$LoadBalancerCaffeineWarnLogger","thread_name":"main","level":"WARN","level_value":30000,"service":"backend-service"}
{"@timestamp":"2024-12-03T21:45:52.6541547-05:00","@version":"1","message":"Exposing 3 endpoint(s) beneath base path '/actuator'","logger_name":"org.springframework.boot.actuate.endpoint.web.EndpointLinksResolver","thread_name":"main","level":"INFO","level_value":20000,"service":"backend-service"}
{"@timestamp":"2024-12-03T21:45:52.919527-05:00","@version":"1","message":"Started DemoApplicationTests in 23.262 seconds (process running for 27.717)","logger_name":"com.messagingservice.backendservice.DemoApplicationTests","thread_name":"main","level":"INFO","level_value":20000,"service":"backend-service"}
]]></system-out>
  </testcase>
</testsuite>