<?xml version="1.0" encoding="UTF-8"?>
<testsuite xmlns:xsi="http://www.w3.org/2001/XMLSchema-instance" xsi:noNamespaceSchemaLocation="https://maven.apache.org/surefire/maven-surefire-plugin/xsd/surefire-test-report-3.0.xsd" version="3.0" name="com.mm.engine.SpringbootRabbitmqApplicationTests" time="11.39" tests="1" errors="0" skipped="0" failures="0">
  <properties>
[...]
</properties>
  <testcase name="contextLoads" classname="com.mm.engine.SpringbootRabbitmqApplicationTests" time="1.181">
    <system-out><![CDATA[12:29:24.517 [main] INFO org.springframework.test.context.support.AnnotationConfigContextLoaderUtils -- Could not detect default configuration classes for test class [com.mm.engine.SpringbootRabbitmqApplicationTests]: SpringbootRabbitmqApplicationTests does not declare any static, non-private, non-final, nested classes annotated with @Configuration.
12:29:24.695 [main] INFO org.springframework.boot.test.context.SpringBootTestContextBootstrapper -- Found @SpringBootConfiguration com.mm.engine.MQServiceApplication for test class com.mm.engine.SpringbootRabbitmqApplicationTests

  .   ____          _            __ _ _
 /\\ / ___'_ __ _ _(_)_ __  __ _ \ \ \ \
( ( )\___ | '_ | '_| | '_ \/ _` | \ \ \ \
 \\/  ___)| |_)| | | | | || (_| |  ) ) ) )
  '  |____| .__|_| |_|_| |_\__, | / / / /
 =========|_|==============|___/=/_/_/_/
 :: Spring Boot ::                (v3.1.0)

{"@timestamp":"2024-12-06T12:29:26.2589092-05:00","@version":"1","message":"Starting SpringbootRabbitmqApplicationTests using Java 17.0.12 with PID 19896 (started by S Sai Manideep in D:\\CloudWatch\\Producer-ConsumerBackend\\Producer-ConsumerBackend\\mq-service)","logger_name":"com.mm.engine.SpringbootRabbitmqApplicationTests","thread_name":"main","level":"INFO","level_value":20000,"service":"mq-service"}
{"@timestamp":"2024-12-06T12:29:26.2873481-05:00","@version":"1","message":"No active profile set, falling back to 1 default profile: \"default\"","logger_name":"com.mm.engine.SpringbootRabbitmqApplicationTests","thread_name":"main","level":"INFO","level_value":20000,"service":"mq-service"}
{"@timestamp":"2024-12-06T12:29:28.6942716-05:00","@version":"1","message":"BeanFactory id=6fca48bb-6ba0-37ad-b721-76fb62833fdd","logger_name":"org.springframework.cloud.context.scope.GenericScope","thread_name":"main","level":"INFO","level_value":20000,"service":"mq-service"}
{"@timestamp":"2024-12-06T12:29:29.273449-05:00","@version":"1","message":"Bean 'org.springframework.cloud.client.loadbalancer.reactive.LoadBalancerBeanPostProcessorAutoConfiguration' of type [org.springframework.cloud.client.loadbalancer.reactive.LoadBalancerBeanPostProcessorAutoConfiguration] is not eligible for getting processed by all BeanPostProcessors (for example: not eligible for auto-proxying)","logger_name":"org.springframework.context.support.PostProcessorRegistrationDelegate$BeanPostProcessorChecker","thread_name":"main","level":"INFO","level_value":20000,"service":"mq-service"}
{"@timestamp":"2024-12-06T12:29:29.2799904-05:00","@version":"1","message":"Bean 'org.springframework.cloud.client.loadbalancer.reactive.LoadBalancerBeanPostProcessorAutoConfiguration$ReactorDeferringLoadBalancerFilterConfig' of type [org.springframework.cloud.client.loadbalancer.reactive.LoadBalancerBeanPostProcessorAutoConfiguration$ReactorDeferringLoadBalancerFilterConfig] is not eligible for getting processed by all BeanPostProcessors (for example: not eligible for auto-proxying)","logger_name":"org.springframework.context.support.PostProcessorRegistrationDelegate$BeanPostProcessorChecker","thread_name":"main","level":"INFO","level_value":20000,"service":"mq-service"}
{"@timestamp":"2024-12-06T12:29:29.2842619-05:00","@version":"1","message":"Bean 'reactorDeferringLoadBalancerExchangeFilterFunction' of type [org.springframework.cloud.client.loadbalancer.reactive.DeferringLoadBalancerExchangeFilterFunction] is not eligible for getting processed by all BeanPostProcessors (for example: not eligible for auto-proxying)","logger_name":"org.springframework.context.support.PostProcessorRegistrationDelegate$BeanPostProcessorChecker","thread_name":"main","level":"INFO","level_value":20000,"service":"mq-service"}
{"@timestamp":"2024-12-06T12:29:33.4213643-05:00","@version":"1","message":"Spring Cloud LoadBalancer is currently working with the default cache. While this cache implementation is useful for development and tests, it's recommended to use Caffeine cache in production.You can switch to using Caffeine cache, by adding it and org.springframework.cache.caffeine.CaffeineCacheManager to the classpath.","logger_name":"org.springframework.cloud.loadbalancer.config.LoadBalancerCacheAutoConfiguration$LoadBalancerCaffeineWarnLogger","thread_name":"main","level":"WARN","level_value":30000,"service":"mq-service"}
{"@timestamp":"2024-12-06T12:29:33.5605353-05:00","@version":"1","message":"Attempting to connect to: [b-7f26de96-a1a5-4e65-ba47-34977a878238.mq.us-east-1.amazonaws.com:5671]","logger_name":"org.springframework.amqp.rabbit.connection.CachingConnectionFactory","thread_name":"main","level":"INFO","level_value":20000,"service":"mq-service"}
{"@timestamp":"2024-12-06T12:29:34.1903638-05:00","@version":"1","message":"Created new connection: rabbitConnectionFactory#a84338a:0/SimpleConnection@1a7437d8 [delegate=amqp://Administrator@54.208.171.113:5671/, localPort=59429]","logger_name":"org.springframework.amqp.rabbit.connection.CachingConnectionFactory","thread_name":"main","level":"INFO","level_value":20000,"service":"mq-service"}
{"@timestamp":"2024-12-06T12:29:34.2442689-05:00","@version":"1","message":"Started SpringbootRabbitmqApplicationTests in 9.307 seconds (process running for 11.017)","logger_name":"com.mm.engine.SpringbootRabbitmqApplicationTests","thread_name":"main","level":"INFO","level_value":20000,"service":"mq-service"}
]]></system-out>
  </testcase>
</testsuite>